# JRE version: OpenJDK Runtime Environment (17.0.2+8) (build 17.0.2+8-86)
# Java VM: OpenJDK 64-Bit Server VM (17.0.2+8-86, mixed mode, sharing, tiered, compressed oops, compressed class ptrs, g1 gc, windows-amd64)
GC Precious Log:
 CPUs: 4 total, 4 available
 Memory: 8097M
 Large Page Support: Disabled
 NUMA Support: Disabled
 Compressed Oops: Enabled (32-bit)
 Heap Region Size: 1M
 Heap Min Capacity: 8M
 Heap Initial Capacity: 128M
 Heap Max Capacity: 2026M
 Pre-touch: Disabled
 Parallel Workers: 4
 Concurrent Workers: 1
 Concurrent Refinement Workers: 4
 Periodic GC: Disabled
Heap:
 garbage-first heap   total 49152K, used 36032K [0x0000000081600000, 0x0000000100000000)
  region size 1024K, 12 young (12288K), 1 survivors (1024K)
 Metaspace       used 56973K, committed 57344K, reserved 1105920K
  class space    used 7592K, committed 7808K, reserved 1048576K
GC Heap History (20 events):
Event: 12.377 GC heap before
{Heap before GC invocations=8 (full 0):
 garbage-first heap   total 49152K, used 33403K [0x0000000081600000, 0x0000000100000000)
  region size 1024K, 20 young (20480K), 2 survivors (2048K)
 Metaspace       used 35836K, committed 36096K, reserved 1081344K
  class space    used 4684K, committed 4800K, reserved 1048576K
}
Event: 12.384 GC heap after
{Heap after GC invocations=9 (full 0):
 garbage-first heap   total 49152K, used 17553K [0x0000000081600000, 0x0000000100000000)
  region size 1024K, 3 young (3072K), 3 survivors (3072K)
 Metaspace       used 35836K, committed 36096K, reserved 1081344K
  class space    used 4684K, committed 4800K, reserved 1048576K
}
Event: 14.404 GC heap before
{Heap before GC invocations=10 (full 0):
 garbage-first heap   total 49152K, used 35985K [0x0000000081600000, 0x0000000100000000)
  region size 1024K, 21 young (21504K), 3 survivors (3072K)
 Metaspace       used 41138K, committed 41472K, reserved 1089536K
  class space    used 5353K, committed 5504K, reserved 1048576K
}
Event: 14.412 GC heap after
{Heap after GC invocations=11 (full 0):
 garbage-first heap   total 49152K, used 18712K [0x0000000081600000, 0x0000000100000000)
  region size 1024K, 2 young (2048K), 2 survivors (2048K)
 Metaspace       used 41138K, committed 41472K, reserved 1089536K
  class space    used 5353K, committed 5504K, reserved 1048576K
}
Event: 15.445 GC heap before
{Heap before GC invocations=11 (full 0):
 garbage-first heap   total 49152K, used 36120K [0x0000000081600000, 0x0000000100000000)
  region size 1024K, 19 young (19456K), 2 survivors (2048K)
 Metaspace       used 45139K, committed 45504K, reserved 1089536K
  class space    used 5944K, committed 6144K, reserved 1048576K
}
Event: 15.450 GC heap after
{Heap after GC invocations=12 (full 0):
 garbage-first heap   total 49152K, used 19764K [0x0000000081600000, 0x0000000100000000)
  region size 1024K, 3 young (3072K), 3 survivors (3072K)
 Metaspace       used 45139K, committed 45504K, reserved 1089536K
  class space    used 5944K, committed 6144K, reserved 1048576K
}
Event: 19.296 GC heap before
{Heap before GC invocations=12 (full 0):
 garbage-first heap   total 49152K, used 37172K [0x0000000081600000, 0x0000000100000000)
  region size 1024K, 20 young (20480K), 3 survivors (3072K)
 Metaspace       used 48570K, committed 48896K, reserved 1097728K
  class space    used 6461K, committed 6656K, reserved 1048576K
}
Event: 19.304 GC heap after
{Heap after GC invocations=13 (full 0):
 garbage-first heap   total 49152K, used 20600K [0x0000000081600000, 0x0000000100000000)
  region size 1024K, 2 young (2048K), 2 survivors (2048K)
 Metaspace       used 48570K, committed 48896K, reserved 1097728K
  class space    used 6461K, committed 6656K, reserved 1048576K
}
Event: 20.050 GC heap before
{Heap before GC invocations=13 (full 0):
 garbage-first heap   total 49152K, used 38008K [0x0000000081600000, 0x0000000100000000)
  region size 1024K, 19 young (19456K), 2 survivors (2048K)
 Metaspace       used 51082K, committed 51392K, reserved 1097728K
  class space    used 6793K, committed 6976K, reserved 1048576K
}
Event: 20.059 GC heap after
{Heap after GC invocations=14 (full 0):
 garbage-first heap   total 49152K, used 21949K [0x0000000081600000, 0x0000000100000000)
  region size 1024K, 3 young (3072K), 3 survivors (3072K)
 Metaspace       used 51082K, committed 51392K, reserved 1097728K
  class space    used 6793K, committed 6976K, reserved 1048576K
}
Event: 20.447 GC heap before
{Heap before GC invocations=14 (full 0):
 garbage-first heap   total 49152K, used 37309K [0x0000000081600000, 0x0000000100000000)
  region size 1024K, 18 young (18432K), 3 survivors (3072K)
 Metaspace       used 51654K, committed 52032K, reserved 1097728K
  class space    used 6862K, committed 7040K, reserved 1048576K
}
Event: 20.453 GC heap after
{Heap after GC invocations=15 (full 0):
 garbage-first heap   total 49152K, used 22645K [0x0000000081600000, 0x0000000100000000)
  region size 1024K, 2 young (2048K), 2 survivors (2048K)
 Metaspace       used 51654K, committed 52032K, reserved 1097728K
  class space    used 6862K, committed 7040K, reserved 1048576K
}
Event: 21.127 GC heap before
{Heap before GC invocations=15 (full 0):
 garbage-first heap   total 49152K, used 39029K [0x0000000081600000, 0x0000000100000000)
  region size 1024K, 18 young (18432K), 2 survivors (2048K)
 Metaspace       used 53460K, committed 53824K, reserved 1097728K
  class space    used 7111K, committed 7296K, reserved 1048576K
}
Event: 21.134 GC heap after
{Heap after GC invocations=16 (full 0):
 garbage-first heap   total 49152K, used 24110K [0x0000000081600000, 0x0000000100000000)
  region size 1024K, 3 young (3072K), 3 survivors (3072K)
 Metaspace       used 53460K, committed 53824K, reserved 1097728K
  class space    used 7111K, committed 7296K, reserved 1048576K
}
Event: 23.150 GC heap before
{Heap before GC invocations=16 (full 0):
 garbage-first heap   total 49152K, used 38446K [0x0000000081600000, 0x0000000100000000)
  region size 1024K, 17 young (17408K), 3 survivors (3072K)
 Metaspace       used 54894K, committed 55360K, reserved 1097728K
  class space    used 7304K, committed 7552K, reserved 1048576K
}
Event: 23.158 GC heap after
{Heap after GC invocations=17 (full 0):
 garbage-first heap   total 49152K, used 25772K [0x0000000081600000, 0x0000000100000000)
  region size 1024K, 3 young (3072K), 3 survivors (3072K)
 Metaspace       used 54894K, committed 55360K, reserved 1097728K
  class space    used 7304K, committed 7552K, reserved 1048576K
}
Event: 35.314 GC heap before
{Heap before GC invocations=18 (full 0):
 garbage-first heap   total 49152K, used 39084K [0x0000000081600000, 0x0000000100000000)
  region size 1024K, 16 young (16384K), 3 survivors (3072K)
 Metaspace       used 54895K, committed 55360K, reserved 1097728K
  class space    used 7304K, committed 7552K, reserved 1048576K
}
Event: 35.320 GC heap after
{Heap after GC invocations=19 (full 0):
 garbage-first heap   total 49152K, used 26270K [0x0000000081600000, 0x0000000100000000)
  region size 1024K, 1 young (1024K), 1 survivors (1024K)
 Metaspace       used 54895K, committed 55360K, reserved 1097728K
  class space    used 7304K, committed 7552K, reserved 1048576K
}
Event: 47.440 GC heap before
{Heap before GC invocations=19 (full 0):
 garbage-first heap   total 49152K, used 38558K [0x0000000081600000, 0x0000000100000000)
  region size 1024K, 13 young (13312K), 1 survivors (1024K)
 Metaspace       used 54895K, committed 55360K, reserved 1097728K
  class space    used 7304K, committed 7552K, reserved 1048576K
}
Event: 47.442 GC heap after
{Heap after GC invocations=20 (full 0):
 garbage-first heap   total 49152K, used 25792K [0x0000000081600000, 0x0000000100000000)
  region size 1024K, 1 young (1024K), 1 survivors (1024K)
 Metaspace       used 54895K, committed 55360K, reserved 1097728K
  class space    used 7304K, committed 7552K, reserved 1048576K
}

